[qantaradigital.com/index.html]
[backblue.gif]
[fade.gif]
[index.html]
[qantaradigital.com/css/webflow.css]
[qantaradigital.com/css/qantara.webflow.css]
[ajax.googleapis.com/ajax/libs/webfont/1.6.26/webfont.js]
[qantaradigital.com/images/favicon.jpg]
[qantaradigital.com/images/webclip.jpg]
[cdn.jsdelivr.net/npm/@finsweet/cookie-consent@1/fs-cc.js]
[qantaradigital.com/index-2.html]
[qantaradigital.com/expertises.html]
[qantaradigital.com/team.html]
[qantaradigital.com/contact.html]
[qantaradigital.com/_videos/qantaraabidjan-short-poster-00001.jpg_]
[qantaradigital.com/videos/qantaraabidjan-short-transcode.mp4]
[qantaradigital.com/videos/qantaraabidjan-short-transcode.webm]
[qantaradigital.com/legal.html]
[d3e54v103j8qbb.cloudfront.net/js/jquery-3.5.1.min.dc5e7f18c8e09d.js]
[cdn.weglot.com/weglot.min.js]
[qantaradigital.com/js/webflow.js]
[qantaradigital.com/index.html]
[code.jquery.com/jquery-3.5.1.slim.min.js]
[qantaradigital.com/css/normalize.css]
[qantaradigital.com/css/webflow.css]
[qantaradigital.com/images/IMG_1169.jpg]
[qantaradigital.com/images/2019-RWC-retouched-v2.jpg]
[qantaradigital.com/images/Frame-7.png]
[qantaradigital.com/images/QantaraDA.png]
[qantaradigital.com/images/QDBanner1.jpg]
[qantaradigital.com/fonts/HelveticaNeue-Bold-02.ttf]
[qantaradigital.com/fonts/HelveticaNeue-01.ttf]
[qantaradigital.com/fonts/HelveticaNeue-Medium-11.ttf]
[qantaradigital.com/fonts/HelveticaNeue-Italic-03.ttf]
[qantaradigital.com/fonts/HelveticaNeue-MediumItalic-12.ttf]
[qantaradigital.com/fonts/HelveticaNeue-BoldItalic-04.ttf]
[qantaradigital.com/fonts/HelveticaNeue-CondensedBold-05.ttf]
[qantaradigital.com/fonts/HelveticaNeue-CondensedBlack-10.ttf]
[qantaradigital.com/css/qantara.webflow.css]
[qantaradigital.com/index-2.html]
[qantaradigital.com/images/Qantara.svg]
[qantaradigital.com/expertises.html]
[qantaradigital.com/images/jerome.jpg]
[qantaradigital.com/collaborators/jerome-vincent.html]
[qantaradigital.com/images/morganecrop.jpg]
[qantaradigital.com/collaborators/morgane-roth.html]
[qantaradigital.com/images/alexis.jpg]
[qantaradigital.com/collaborators/alexis-kignelman.html]
[qantaradigital.com/images/aurelien.jpg]
[qantaradigital.com/collaborators/aurelien-cunin.html]
[qantaradigital.com/images/photo.jpg]
[qantaradigital.com/collaborators/juliette-philipon.html]
[qantaradigital.com/images/Isabelle.jpg]
[qantaradigital.com/collaborators/isabelle-bousomog.html]
[qantaradigital.com/images/DSC_6590.jpg]
[qantaradigital.com/collaborators/mehdi-sayegh.html]
[qantaradigital.com/images/image002.jpg]
[qantaradigital.com/collaborators/pierre-casanova.html]
[qantaradigital.com/images/Photo-CG.jpg]
[qantaradigital.com/collaborators/constance-gedon.html]
[qantaradigital.com/images/image1-3.jpg]
[qantaradigital.com/collaborators/thomas-mariee.html]
[qantaradigital.com/images/jbksqrthd.jpg]
[qantaradigital.com/collaborators/jean-baptiste-kaloya.html]
[qantaradigital.com/team.html]
[qantaradigital.com/contact.html]
[qantaradigital.com/_videos/qantaraabidjan-short-poster-00001.html]
[qantaradigital.com/images/Qantarablue.svg]
[qantaradigital.com/legal.html]
[qantaradigital.com/images/linkedin.svg]
[qantaradigital.com/images/Frame-7.svg]
[qantaradigital.com/images/Frame-10.svg]
[qantaradigital.com/images/Frame-6.svg]
[qantaradigital.com/images/Frame-11.svg]
[qantaradigital.com/images/Frame-9.svg]
[qantaradigital.com/images/Frame-13.svg]
[qantaradigital.com/images/Frame-8.svg]
[qantaradigital.com/images/Frame-12.svg]
[qantaradigital.com/collaborators/jerome-vincent.html]
[qantaradigital.com/collaborators/morgane-roth.html]
[qantaradigital.com/collaborators/alexis-kignelman.html]
[qantaradigital.com/collaborators/aurelien-cunin.html]
[qantaradigital.com/collaborators/juliette-philipon.html]
[qantaradigital.com/collaborators/isabelle-bousomog.html]
[qantaradigital.com/collaborators/mehdi-sayegh.html]
[qantaradigital.com/collaborators/pierre-casanova.html]
[qantaradigital.com/collaborators/constance-gedon.html]
[qantaradigital.com/collaborators/thomas-mariee.html]
[qantaradigital.com/collaborators/jean-baptiste-kaloya.html]
